  definitivo.cpp
C:\Users\Utente\source\repos\stracazzo\calcolatrice stasi e pace\calcolatrice\calcolatrice\2_grado.h(12,68): warning C4474: 'printf': sono stati passati troppi argomenti per la stringa di formato
C:\Users\Utente\source\repos\stracazzo\calcolatrice stasi e pace\calcolatrice\calcolatrice\2_grado.h(12,68): message : con i segnaposto e i relativi parametri sono previsti argomenti variadic 0, ma sono stati specificati quelli 1
C:\Users\Utente\source\repos\stracazzo\calcolatrice stasi e pace\calcolatrice\calcolatrice\definitivo.cpp(168,21): warning C4244: '=': conversione da 'double' a 'float'. Possibile perdita di dati.
C:\Users\Utente\source\repos\stracazzo\calcolatrice stasi e pace\calcolatrice\calcolatrice\definitivo.cpp(178,20): warning C4244: '=': conversione da 'double' a 'float'. Possibile perdita di dati.
C:\Users\Utente\source\repos\stracazzo\calcolatrice stasi e pace\calcolatrice\calcolatrice\definitivo.cpp(215,21): warning C4477: 'scanf_s': con la stringa di formato '%f' è necessario un argomento di tipo 'float *', ma il tipo dell'argomento variadic 1 è 'int *'
C:\Users\Utente\source\repos\stracazzo\calcolatrice stasi e pace\calcolatrice\calcolatrice\definitivo.cpp(226,40): warning C4244: 'argomento': conversione da 'int' a 'float'. Possibile perdita di dati.
C:\Users\Utente\source\repos\stracazzo\calcolatrice stasi e pace\calcolatrice\calcolatrice\definitivo.cpp(227,37): warning C4244: 'argomento': conversione da 'int' a 'float'. Possibile perdita di dati.
C:\Users\Utente\source\repos\stracazzo\calcolatrice stasi e pace\calcolatrice\calcolatrice\definitivo.cpp(251,41): warning C4244: 'argomento': conversione da 'float' a 'int'. Possibile perdita di dati.
C:\Users\Utente\source\repos\stracazzo\calcolatrice stasi e pace\calcolatrice\calcolatrice\definitivo.cpp(251,38): warning C4244: 'argomento': conversione da 'float' a 'int'. Possibile perdita di dati.
C:\Users\Utente\source\repos\stracazzo\calcolatrice stasi e pace\calcolatrice\calcolatrice\definitivo.cpp(251,35): warning C4244: 'argomento': conversione da 'float' a 'int'. Possibile perdita di dati.
C:\Users\Utente\source\repos\stracazzo\calcolatrice stasi e pace\calcolatrice\calcolatrice\definitivo.cpp(252,62): warning C4244: 'argomento': conversione da 'float' a 'int'. Possibile perdita di dati.
C:\Users\Utente\source\repos\stracazzo\calcolatrice stasi e pace\calcolatrice\calcolatrice\definitivo.cpp(252,59): warning C4244: 'argomento': conversione da 'float' a 'int'. Possibile perdita di dati.
C:\Users\Utente\source\repos\stracazzo\calcolatrice stasi e pace\calcolatrice\calcolatrice\definitivo.cpp(252,56): warning C4244: 'argomento': conversione da 'float' a 'int'. Possibile perdita di dati.
C:\Users\Utente\source\repos\stracazzo\calcolatrice stasi e pace\calcolatrice\calcolatrice\definitivo.cpp(255,41): warning C4244: 'argomento': conversione da 'float' a 'int'. Possibile perdita di dati.
C:\Users\Utente\source\repos\stracazzo\calcolatrice stasi e pace\calcolatrice\calcolatrice\definitivo.cpp(255,38): warning C4244: 'argomento': conversione da 'float' a 'int'. Possibile perdita di dati.
C:\Users\Utente\source\repos\stracazzo\calcolatrice stasi e pace\calcolatrice\calcolatrice\definitivo.cpp(255,35): warning C4244: 'argomento': conversione da 'float' a 'int'. Possibile perdita di dati.
C:\Users\Utente\source\repos\stracazzo\calcolatrice stasi e pace\calcolatrice\calcolatrice\definitivo.cpp(256,62): warning C4244: 'argomento': conversione da 'float' a 'int'. Possibile perdita di dati.
C:\Users\Utente\source\repos\stracazzo\calcolatrice stasi e pace\calcolatrice\calcolatrice\definitivo.cpp(256,59): warning C4244: 'argomento': conversione da 'float' a 'int'. Possibile perdita di dati.
C:\Users\Utente\source\repos\stracazzo\calcolatrice stasi e pace\calcolatrice\calcolatrice\definitivo.cpp(256,56): warning C4244: 'argomento': conversione da 'float' a 'int'. Possibile perdita di dati.
C:\Users\Utente\source\repos\stracazzo\calcolatrice stasi e pace\calcolatrice\calcolatrice\definitivo.cpp(11,26): warning C4101: 'R': variabile locale senza riferimenti
C:\Users\Utente\source\repos\stracazzo\calcolatrice stasi e pace\calcolatrice\calcolatrice\definitivo.cpp(11,14): warning C4101: 'a': variabile locale senza riferimenti
C:\Users\Utente\source\repos\stracazzo\calcolatrice stasi e pace\calcolatrice\calcolatrice\definitivo.cpp(11,23): warning C4101: 'D': variabile locale senza riferimenti
  calcolatrice.vcxproj -> C:\Users\Utente\source\repos\stracazzo\calcolatrice stasi e pace\calcolatrice\x64\Debug\calcolatrice.exe
